2018-09-07 at 16:18:54 CST [main] INFO  com.company.project.Application   - Starting Application on jiaqicaodeMacBook-Pro.local with PID 20443 (/Users/jacky/springBootProject/SweeKey/target/classes started by jacky in /Users/jacky/springBootProject/SweeKey)
2018-09-07 at 16:18:54 CST [main] INFO  com.company.project.Application   - The following profiles are active: dev
2018-09-07 at 16:18:55 CST [background-preinit] INFO  org.hibernate.validator.internal.util.Version   - HV000001: Hibernate Validator 5.3.6.Final
2018-09-07 at 16:18:55 CST [main] INFO  org.springframework.boot.context.embedded.AnnotationConfigEmbeddedWebApplicationContext   - Refreshing org.springframework.boot.context.embedded.AnnotationConfigEmbeddedWebApplicationContext@5d99c6b5: startup date [Fri Sep 07 16:18:55 CST 2018]; root of context hierarchy
2018-09-07 at 16:18:56 CST [main] INFO  org.springframework.data.repository.config.RepositoryConfigurationDelegate   - Multiple Spring Data modules found, entering strict repository configuration mode!
2018-09-07 at 16:18:57 CST [main] WARN  org.springframework.context.annotation.ConfigurationClassPostProcessor   - Cannot enhance @Configuration bean definition 'mybatisConfigurer' since its singleton instance has been created too early. The typical cause is a non-static @Bean method with a BeanDefinitionRegistryPostProcessor return type: Consider declaring such methods as 'static'.
2018-09-07 at 16:18:57 CST [main] INFO  org.springframework.context.support.PostProcessorRegistrationDelegate$BeanPostProcessorChecker   - Bean 'org.springframework.transaction.annotation.ProxyTransactionManagementConfiguration' of type [org.springframework.transaction.annotation.ProxyTransactionManagementConfiguration$$EnhancerBySpringCGLIB$$86bb3ff5] is not eligible for getting processed by all BeanPostProcessors (for example: not eligible for auto-proxying)
2018-09-07 at 16:18:58 CST [main] INFO  org.springframework.context.support.PostProcessorRegistrationDelegate$BeanPostProcessorChecker   - Bean 'org.springframework.security.config.annotation.configuration.ObjectPostProcessorConfiguration' of type [org.springframework.security.config.annotation.configuration.ObjectPostProcessorConfiguration$$EnhancerBySpringCGLIB$$1f69082f] is not eligible for getting processed by all BeanPostProcessors (for example: not eligible for auto-proxying)
2018-09-07 at 16:18:58 CST [main] INFO  org.springframework.context.support.PostProcessorRegistrationDelegate$BeanPostProcessorChecker   - Bean 'objectPostProcessor' of type [org.springframework.security.config.annotation.configuration.AutowireBeanFactoryObjectPostProcessor] is not eligible for getting processed by all BeanPostProcessors (for example: not eligible for auto-proxying)
2018-09-07 at 16:18:58 CST [main] INFO  org.springframework.context.support.PostProcessorRegistrationDelegate$BeanPostProcessorChecker   - Bean 'org.springframework.security.access.expression.method.DefaultMethodSecurityExpressionHandler@4baed682' of type [org.springframework.security.access.expression.method.DefaultMethodSecurityExpressionHandler] is not eligible for getting processed by all BeanPostProcessors (for example: not eligible for auto-proxying)
2018-09-07 at 16:18:58 CST [main] INFO  org.springframework.context.support.PostProcessorRegistrationDelegate$BeanPostProcessorChecker   - Bean 'org.springframework.security.config.annotation.method.configuration.GlobalMethodSecurityConfiguration' of type [org.springframework.security.config.annotation.method.configuration.GlobalMethodSecurityConfiguration$$EnhancerBySpringCGLIB$$443daae1] is not eligible for getting processed by all BeanPostProcessors (for example: not eligible for auto-proxying)
2018-09-07 at 16:18:58 CST [main] INFO  org.springframework.context.support.PostProcessorRegistrationDelegate$BeanPostProcessorChecker   - Bean 'methodSecurityMetadataSource' of type [org.springframework.security.access.method.DelegatingMethodSecurityMetadataSource] is not eligible for getting processed by all BeanPostProcessors (for example: not eligible for auto-proxying)
2018-09-07 at 16:18:58 CST [main] INFO  org.springframework.boot.context.embedded.tomcat.TomcatEmbeddedServletContainer   - Tomcat initialized with port(s): 9988 (http)
2018-09-07 at 16:18:59 CST [main] INFO  org.apache.catalina.core.StandardService   - Starting service [Tomcat]
2018-09-07 at 16:18:59 CST [main] INFO  org.apache.catalina.core.StandardEngine   - Starting Servlet Engine: Apache Tomcat/8.5.23
2018-09-07 at 16:18:59 CST [localhost-startStop-1] INFO  org.apache.catalina.core.ContainerBase.[Tomcat].[localhost].[/]   - Initializing Spring embedded WebApplicationContext
2018-09-07 at 16:18:59 CST [localhost-startStop-1] INFO  org.springframework.web.context.ContextLoader   - Root WebApplicationContext: initialization completed in 4027 ms
2018-09-07 at 16:18:59 CST [localhost-startStop-1] INFO  org.springframework.boot.web.servlet.FilterRegistrationBean   - Mapping filter: 'characterEncodingFilter' to: [/*]
2018-09-07 at 16:18:59 CST [localhost-startStop-1] INFO  org.springframework.boot.web.servlet.FilterRegistrationBean   - Mapping filter: 'hiddenHttpMethodFilter' to: [/*]
2018-09-07 at 16:18:59 CST [localhost-startStop-1] INFO  org.springframework.boot.web.servlet.FilterRegistrationBean   - Mapping filter: 'httpPutFormContentFilter' to: [/*]
2018-09-07 at 16:18:59 CST [localhost-startStop-1] INFO  org.springframework.boot.web.servlet.FilterRegistrationBean   - Mapping filter: 'requestContextFilter' to: [/*]
2018-09-07 at 16:18:59 CST [localhost-startStop-1] INFO  org.springframework.boot.web.servlet.DelegatingFilterProxyRegistrationBean   - Mapping filter: 'springSecurityFilterChain' to: [/*]
2018-09-07 at 16:18:59 CST [localhost-startStop-1] INFO  org.springframework.boot.web.servlet.FilterRegistrationBean   - Mapping filter: 'webStatFilter' to urls: [/*]
2018-09-07 at 16:18:59 CST [localhost-startStop-1] INFO  org.springframework.boot.web.servlet.ServletRegistrationBean   - Mapping servlet: 'dispatcherServlet' to [/]
2018-09-07 at 16:18:59 CST [localhost-startStop-1] INFO  org.springframework.boot.web.servlet.ServletRegistrationBean   - Mapping servlet: 'statViewServlet' to [/druid/*]
2018-09-07 at 16:19:00 CST [main] INFO  org.springframework.web.servlet.mvc.method.annotation.RequestMappingHandlerAdapter   - Looking for @ControllerAdvice: org.springframework.boot.context.embedded.AnnotationConfigEmbeddedWebApplicationContext@5d99c6b5: startup date [Fri Sep 07 16:18:55 CST 2018]; root of context hierarchy
2018-09-07 at 16:19:01 CST [main] INFO  org.springframework.scheduling.concurrent.ThreadPoolTaskExecutor   - Initializing ExecutorService  'clientInboundChannelExecutor'
2018-09-07 at 16:19:01 CST [main] INFO  org.springframework.scheduling.concurrent.ThreadPoolTaskExecutor   - Initializing ExecutorService  'clientOutboundChannelExecutor'
2018-09-07 at 16:19:01 CST [main] INFO  org.springframework.web.servlet.mvc.method.annotation.RequestMappingHandlerMapping   - Mapped "{[/client/add],methods=[POST]}" onto public com.company.project.core.Result com.company.project.web.ClientController.add(com.company.project.model.Client)
2018-09-07 at 16:19:01 CST [main] INFO  org.springframework.web.servlet.mvc.method.annotation.RequestMappingHandlerMapping   - Mapped "{[/client/update],methods=[POST]}" onto public com.company.project.core.Result com.company.project.web.ClientController.update(com.company.project.model.Client)
2018-09-07 at 16:19:01 CST [main] INFO  org.springframework.web.servlet.mvc.method.annotation.RequestMappingHandlerMapping   - Mapped "{[/client/delete],methods=[POST]}" onto public com.company.project.core.Result com.company.project.web.ClientController.delete(java.lang.Integer)
2018-09-07 at 16:19:01 CST [main] INFO  org.springframework.web.servlet.mvc.method.annotation.RequestMappingHandlerMapping   - Mapped "{[/client/list],methods=[POST]}" onto public com.company.project.core.Result com.company.project.web.ClientController.list(java.lang.Integer,java.lang.Integer,java.lang.String)
2018-09-07 at 16:19:01 CST [main] INFO  org.springframework.web.servlet.mvc.method.annotation.RequestMappingHandlerMapping   - Mapped "{[/client/getRedis],methods=[POST]}" onto public com.company.project.core.Result com.company.project.web.ClientController.getRedis()
2018-09-07 at 16:19:01 CST [main] INFO  org.springframework.web.servlet.mvc.method.annotation.RequestMappingHandlerMapping   - Mapped "{[/client/addRedis],methods=[POST]}" onto public com.company.project.core.Result com.company.project.web.ClientController.addRedis(com.company.project.model.Client)
2018-09-07 at 16:19:01 CST [main] INFO  org.springframework.web.servlet.mvc.method.annotation.RequestMappingHandlerMapping   - Mapped "{[/client/detail],methods=[POST]}" onto public com.company.project.core.Result com.company.project.web.ClientController.detail(java.lang.Integer)
2018-09-07 at 16:19:01 CST [main] INFO  org.springframework.web.servlet.mvc.method.annotation.RequestMappingHandlerMapping   - Mapped "{[/order/add],methods=[POST]}" onto public com.company.project.core.Result com.company.project.web.OrderController.add(com.company.project.model.Order)
2018-09-07 at 16:19:01 CST [main] INFO  org.springframework.web.servlet.mvc.method.annotation.RequestMappingHandlerMapping   - Mapped "{[/order/update],methods=[POST]}" onto public com.company.project.core.Result com.company.project.web.OrderController.update(com.company.project.model.Order)
2018-09-07 at 16:19:01 CST [main] INFO  org.springframework.web.servlet.mvc.method.annotation.RequestMappingHandlerMapping   - Mapped "{[/order/delete],methods=[POST]}" onto public com.company.project.core.Result com.company.project.web.OrderController.delete(java.lang.Integer)
2018-09-07 at 16:19:01 CST [main] INFO  org.springframework.web.servlet.mvc.method.annotation.RequestMappingHandlerMapping   - Mapped "{[/order/list],methods=[POST]}" onto public com.company.project.core.Result com.company.project.web.OrderController.list(java.lang.Integer,java.lang.Integer)
2018-09-07 at 16:19:01 CST [main] INFO  org.springframework.web.servlet.mvc.method.annotation.RequestMappingHandlerMapping   - Mapped "{[/order/detail],methods=[POST]}" onto public com.company.project.core.Result com.company.project.web.OrderController.detail(java.lang.Integer)
2018-09-07 at 16:19:01 CST [main] INFO  org.springframework.web.servlet.mvc.method.annotation.RequestMappingHandlerMapping   - Mapped "{[/]}" onto public java.lang.String com.company.project.web.security.HelloController.index()
2018-09-07 at 16:19:01 CST [main] INFO  org.springframework.web.servlet.mvc.method.annotation.RequestMappingHandlerMapping   - Mapped "{[/login]}" onto public java.lang.String com.company.project.web.security.HelloController.login()
2018-09-07 at 16:19:01 CST [main] INFO  org.springframework.web.servlet.mvc.method.annotation.RequestMappingHandlerMapping   - Mapped "{[/hello]}" onto public java.lang.String com.company.project.web.security.HelloController.hello()
2018-09-07 at 16:19:01 CST [main] INFO  org.springframework.web.servlet.mvc.method.annotation.RequestMappingHandlerMapping   - Mapped "{[/v2/api-docs],methods=[GET]}" onto public org.springframework.http.ResponseEntity<springfox.documentation.spring.web.json.Json> springfox.documentation.swagger2.web.Swagger2Controller.getDocumentation(java.lang.String)
2018-09-07 at 16:19:01 CST [main] INFO  org.springframework.web.servlet.mvc.method.annotation.RequestMappingHandlerMapping   - Mapped "{[/configuration/security]}" onto org.springframework.http.ResponseEntity<springfox.documentation.swagger.web.SecurityConfiguration> springfox.documentation.swagger.web.ApiResourceController.securityConfiguration()
2018-09-07 at 16:19:01 CST [main] INFO  org.springframework.web.servlet.mvc.method.annotation.RequestMappingHandlerMapping   - Mapped "{[/configuration/ui]}" onto org.springframework.http.ResponseEntity<springfox.documentation.swagger.web.UiConfiguration> springfox.documentation.swagger.web.ApiResourceController.uiConfiguration()
2018-09-07 at 16:19:01 CST [main] INFO  org.springframework.web.servlet.mvc.method.annotation.RequestMappingHandlerMapping   - Mapped "{[/swagger-resources]}" onto org.springframework.http.ResponseEntity<java.util.List<springfox.documentation.swagger.web.SwaggerResource>> springfox.documentation.swagger.web.ApiResourceController.swaggerResources()
2018-09-07 at 16:19:01 CST [main] INFO  org.springframework.web.servlet.mvc.method.annotation.RequestMappingHandlerMapping   - Mapped "{[/error]}" onto public org.springframework.http.ResponseEntity<java.util.Map<java.lang.String, java.lang.Object>> org.springframework.boot.autoconfigure.web.BasicErrorController.error(javax.servlet.http.HttpServletRequest)
2018-09-07 at 16:19:01 CST [main] INFO  org.springframework.web.servlet.mvc.method.annotation.RequestMappingHandlerMapping   - Mapped "{[/error],produces=[text/html]}" onto public org.springframework.web.servlet.ModelAndView org.springframework.boot.autoconfigure.web.BasicErrorController.errorHtml(javax.servlet.http.HttpServletRequest,javax.servlet.http.HttpServletResponse)
2018-09-07 at 16:19:02 CST [main] INFO  org.springframework.security.web.DefaultSecurityFilterChain   - Creating filter chain: Ant [pattern='/resources/static/**'], []
2018-09-07 at 16:19:02 CST [main] INFO  org.springframework.security.web.DefaultSecurityFilterChain   - Creating filter chain: org.springframework.security.web.util.matcher.AnyRequestMatcher@1, [org.springframework.security.web.context.request.async.WebAsyncManagerIntegrationFilter@4eb48298, org.springframework.security.web.context.SecurityContextPersistenceFilter@59b1edab, org.springframework.security.web.header.HeaderWriterFilter@3f033664, org.springframework.security.web.authentication.logout.LogoutFilter@667dd150, org.springframework.security.web.authentication.UsernamePasswordAuthenticationFilter@7891cf3, org.springframework.security.web.savedrequest.RequestCacheAwareFilter@5305f936, org.springframework.security.web.servletapi.SecurityContextHolderAwareRequestFilter@66456506, org.springframework.security.web.authentication.AnonymousAuthenticationFilter@2d3bb944, org.springframework.security.web.session.SessionManagementFilter@70cd122, org.springframework.security.web.access.ExceptionTranslationFilter@5981f2c6, org.springframework.security.web.access.intercept.FilterSecurityInterceptor@12d35bc9]
2018-09-07 at 16:19:02 CST [main] INFO  org.springframework.scheduling.concurrent.ThreadPoolTaskScheduler   - Initializing ExecutorService  'messageBrokerTaskScheduler'
2018-09-07 at 16:19:02 CST [main] INFO  org.springframework.web.socket.server.support.WebSocketHandlerMapping   - Mapped URL path [/endpointChat/**] onto handler of type [class org.springframework.web.socket.sockjs.support.SockJsHttpRequestHandler]
2018-09-07 at 16:19:02 CST [main] INFO  org.springframework.scheduling.concurrent.ThreadPoolTaskExecutor   - Initializing ExecutorService  'brokerChannelExecutor'
2018-09-07 at 16:19:02 CST [main] INFO  org.springframework.web.socket.messaging.WebSocketAnnotationMethodMessageHandler   - Mapped "{[/chat],messageType=[MESSAGE]}" onto public void com.company.project.web.websocket.WsController.handleChat(java.security.Principal,java.lang.String)
2018-09-07 at 16:19:02 CST [main] INFO  org.springframework.web.servlet.handler.SimpleUrlHandlerMapping   - Mapped URL path [/login] onto handler of type [class org.springframework.web.servlet.mvc.ParameterizableViewController]
2018-09-07 at 16:19:02 CST [main] INFO  org.springframework.web.servlet.handler.SimpleUrlHandlerMapping   - Mapped URL path [/chat] onto handler of type [class org.springframework.web.servlet.mvc.ParameterizableViewController]
2018-09-07 at 16:19:02 CST [main] INFO  org.springframework.web.servlet.handler.SimpleUrlHandlerMapping   - Mapped URL path [/v2/api-docs] onto handler of type [class org.springframework.web.servlet.mvc.ParameterizableViewController]
2018-09-07 at 16:19:02 CST [main] INFO  org.springframework.web.servlet.handler.SimpleUrlHandlerMapping   - Mapped URL path [/swagger-resources/configuration/ui] onto handler of type [class org.springframework.web.servlet.mvc.ParameterizableViewController]
2018-09-07 at 16:19:02 CST [main] INFO  org.springframework.web.servlet.handler.SimpleUrlHandlerMapping   - Mapped URL path [/swagger-resources/configuration/security] onto handler of type [class org.springframework.web.servlet.mvc.ParameterizableViewController]
2018-09-07 at 16:19:02 CST [main] INFO  org.springframework.web.servlet.handler.SimpleUrlHandlerMapping   - Mapped URL path [/swagger-resources] onto handler of type [class org.springframework.web.servlet.mvc.ParameterizableViewController]
2018-09-07 at 16:19:02 CST [main] INFO  org.springframework.web.servlet.handler.SimpleUrlHandlerMapping   - Mapped URL path [/swagger-ui.html**] onto handler of type [class org.springframework.web.servlet.resource.ResourceHttpRequestHandler]
2018-09-07 at 16:19:02 CST [main] INFO  org.springframework.web.servlet.handler.SimpleUrlHandlerMapping   - Mapped URL path [/webjars/**] onto handler of type [class org.springframework.web.servlet.resource.ResourceHttpRequestHandler]
2018-09-07 at 16:19:02 CST [main] INFO  org.springframework.web.servlet.handler.SimpleUrlHandlerMapping   - Mapped URL path [/**/favicon.ico] onto handler of type [class org.springframework.web.servlet.resource.ResourceHttpRequestHandler]
2018-09-07 at 16:19:03 CST [main] INFO  org.springframework.jmx.export.annotation.AnnotationMBeanExporter   - Registering beans for JMX exposure on startup
2018-09-07 at 16:19:03 CST [main] INFO  org.springframework.jmx.export.annotation.AnnotationMBeanExporter   - Bean with name 'statFilter' has been autodetected for JMX exposure
2018-09-07 at 16:19:03 CST [main] INFO  org.springframework.jmx.export.annotation.AnnotationMBeanExporter   - Bean with name 'dataSource' has been autodetected for JMX exposure
2018-09-07 at 16:19:03 CST [main] INFO  org.springframework.jmx.export.annotation.AnnotationMBeanExporter   - Located MBean 'dataSource': registering with JMX server as MBean [com.alibaba.druid.spring.boot.autoconfigure:name=dataSource,type=DruidDataSourceWrapper]
2018-09-07 at 16:19:03 CST [main] INFO  org.springframework.jmx.export.annotation.AnnotationMBeanExporter   - Located MBean 'statFilter': registering with JMX server as MBean [com.alibaba.druid.filter.stat:name=statFilter,type=StatFilter]
2018-09-07 at 16:19:03 CST [main] INFO  org.springframework.context.support.DefaultLifecycleProcessor   - Starting beans in phase 2147483647
2018-09-07 at 16:19:03 CST [main] INFO  org.springframework.messaging.simp.broker.SimpleBrokerMessageHandler   - Starting...
2018-09-07 at 16:19:03 CST [main] INFO  org.springframework.messaging.simp.broker.SimpleBrokerMessageHandler   - BrokerAvailabilityEvent[available=true, SimpleBrokerMessageHandler [DefaultSubscriptionRegistry[cache[0 destination(s)], registry[0 sessions]]]]
2018-09-07 at 16:19:03 CST [main] INFO  org.springframework.messaging.simp.broker.SimpleBrokerMessageHandler   - Started.
2018-09-07 at 16:19:03 CST [main] INFO  springfox.documentation.spring.web.plugins.DocumentationPluginsBootstrapper   - Context refreshed
2018-09-07 at 16:19:03 CST [main] INFO  springfox.documentation.spring.web.plugins.DocumentationPluginsBootstrapper   - Found {0} custom documentation plugin(s)
2018-09-07 at 16:19:03 CST [main] INFO  springfox.documentation.spring.web.scanners.ApiListingReferenceScanner   - Scanning for api listing references
2018-09-07 at 16:19:03 CST [main] INFO  springfox.documentation.swagger.web.ClassOrApiAnnotationResourceGrouping   - Group for method index was hello-controller
2018-09-07 at 16:19:03 CST [main] INFO  springfox.documentation.spring.web.scanners.ApiListingReferenceScanner   - Request mapping: index belongs to groups: [[ResourceGroup{groupName='hello-controller', position=0, controller=com.company.project.web.security.HelloController}]] 
2018-09-07 at 16:19:03 CST [main] INFO  springfox.documentation.swagger.web.ClassOrApiAnnotationResourceGrouping   - Group for method addRedis was client-controller
2018-09-07 at 16:19:03 CST [main] INFO  springfox.documentation.spring.web.scanners.ApiListingReferenceScanner   - Request mapping: addRedis belongs to groups: [[ResourceGroup{groupName='client-controller', position=0, controller=com.company.project.web.ClientController}]] 
2018-09-07 at 16:19:03 CST [main] INFO  springfox.documentation.swagger.web.ClassOrApiAnnotationResourceGrouping   - Group for method add was client-controller
2018-09-07 at 16:19:03 CST [main] INFO  springfox.documentation.spring.web.scanners.ApiListingReferenceScanner   - Request mapping: add belongs to groups: [[ResourceGroup{groupName='client-controller', position=0, controller=com.company.project.web.ClientController}]] 
2018-09-07 at 16:19:03 CST [main] INFO  springfox.documentation.swagger.web.ClassOrApiAnnotationResourceGrouping   - Group for method delete was client-controller
2018-09-07 at 16:19:03 CST [main] INFO  springfox.documentation.spring.web.scanners.ApiListingReferenceScanner   - Request mapping: delete belongs to groups: [[ResourceGroup{groupName='client-controller', position=0, controller=com.company.project.web.ClientController}]] 
2018-09-07 at 16:19:03 CST [main] INFO  springfox.documentation.swagger.web.ClassOrApiAnnotationResourceGrouping   - Group for method detail was client-controller
2018-09-07 at 16:19:03 CST [main] INFO  springfox.documentation.spring.web.scanners.ApiListingReferenceScanner   - Request mapping: detail belongs to groups: [[ResourceGroup{groupName='client-controller', position=0, controller=com.company.project.web.ClientController}]] 
2018-09-07 at 16:19:03 CST [main] INFO  springfox.documentation.swagger.web.ClassOrApiAnnotationResourceGrouping   - Group for method getRedis was client-controller
2018-09-07 at 16:19:03 CST [main] INFO  springfox.documentation.spring.web.scanners.ApiListingReferenceScanner   - Request mapping: getRedis belongs to groups: [[ResourceGroup{groupName='client-controller', position=0, controller=com.company.project.web.ClientController}]] 
2018-09-07 at 16:19:03 CST [main] INFO  springfox.documentation.swagger.web.ClassOrApiAnnotationResourceGrouping   - Group for method list was client-controller
2018-09-07 at 16:19:03 CST [main] INFO  springfox.documentation.spring.web.scanners.ApiListingReferenceScanner   - Request mapping: list belongs to groups: [[ResourceGroup{groupName='client-controller', position=0, controller=com.company.project.web.ClientController}]] 
2018-09-07 at 16:19:03 CST [main] INFO  springfox.documentation.swagger.web.ClassOrApiAnnotationResourceGrouping   - Group for method update was client-controller
2018-09-07 at 16:19:03 CST [main] INFO  springfox.documentation.spring.web.scanners.ApiListingReferenceScanner   - Request mapping: update belongs to groups: [[ResourceGroup{groupName='client-controller', position=0, controller=com.company.project.web.ClientController}]] 
2018-09-07 at 16:19:03 CST [main] INFO  springfox.documentation.swagger.web.ClassOrApiAnnotationResourceGrouping   - Group for method hello was hello-controller
2018-09-07 at 16:19:03 CST [main] INFO  springfox.documentation.spring.web.scanners.ApiListingReferenceScanner   - Request mapping: hello belongs to groups: [[ResourceGroup{groupName='hello-controller', position=0, controller=com.company.project.web.security.HelloController}]] 
2018-09-07 at 16:19:03 CST [main] INFO  springfox.documentation.swagger.web.ClassOrApiAnnotationResourceGrouping   - Group for method login was hello-controller
2018-09-07 at 16:19:03 CST [main] INFO  springfox.documentation.spring.web.scanners.ApiListingReferenceScanner   - Request mapping: login belongs to groups: [[ResourceGroup{groupName='hello-controller', position=0, controller=com.company.project.web.security.HelloController}]] 
2018-09-07 at 16:19:03 CST [main] INFO  springfox.documentation.swagger.web.ClassOrApiAnnotationResourceGrouping   - Group for method add was order-controller
2018-09-07 at 16:19:03 CST [main] INFO  springfox.documentation.spring.web.scanners.ApiListingReferenceScanner   - Request mapping: add belongs to groups: [[ResourceGroup{groupName='order-controller', position=0, controller=com.company.project.web.OrderController}]] 
2018-09-07 at 16:19:03 CST [main] INFO  springfox.documentation.swagger.web.ClassOrApiAnnotationResourceGrouping   - Group for method delete was order-controller
2018-09-07 at 16:19:03 CST [main] INFO  springfox.documentation.spring.web.scanners.ApiListingReferenceScanner   - Request mapping: delete belongs to groups: [[ResourceGroup{groupName='order-controller', position=0, controller=com.company.project.web.OrderController}]] 
2018-09-07 at 16:19:03 CST [main] INFO  springfox.documentation.swagger.web.ClassOrApiAnnotationResourceGrouping   - Group for method detail was order-controller
2018-09-07 at 16:19:03 CST [main] INFO  springfox.documentation.spring.web.scanners.ApiListingReferenceScanner   - Request mapping: detail belongs to groups: [[ResourceGroup{groupName='order-controller', position=0, controller=com.company.project.web.OrderController}]] 
2018-09-07 at 16:19:03 CST [main] INFO  springfox.documentation.swagger.web.ClassOrApiAnnotationResourceGrouping   - Group for method list was order-controller
2018-09-07 at 16:19:03 CST [main] INFO  springfox.documentation.spring.web.scanners.ApiListingReferenceScanner   - Request mapping: list belongs to groups: [[ResourceGroup{groupName='order-controller', position=0, controller=com.company.project.web.OrderController}]] 
2018-09-07 at 16:19:03 CST [main] INFO  springfox.documentation.swagger.web.ClassOrApiAnnotationResourceGrouping   - Group for method update was order-controller
2018-09-07 at 16:19:03 CST [main] INFO  springfox.documentation.spring.web.scanners.ApiListingReferenceScanner   - Request mapping: update belongs to groups: [[ResourceGroup{groupName='order-controller', position=0, controller=com.company.project.web.OrderController}]] 
2018-09-07 at 16:19:03 CST [main] INFO  springfox.documentation.spring.web.scanners.ApiListingReferenceScanner   - Created resource listing Path: /default/client-controller Description: client-controller Position: 0
2018-09-07 at 16:19:03 CST [main] INFO  springfox.documentation.spring.web.scanners.ApiListingReferenceScanner   - Created resource listing Path: /default/hello-controller Description: hello-controller Position: 0
2018-09-07 at 16:19:03 CST [main] INFO  springfox.documentation.spring.web.scanners.ApiListingReferenceScanner   - Created resource listing Path: /default/order-controller Description: order-controller Position: 0
2018-09-07 at 16:19:03 CST [main] INFO  springfox.documentation.schema.ModelContextKeyGenerator   - Cache Key Generated: com.company.project.core.Result(true)
2018-09-07 at 16:19:03 CST [main] INFO  springfox.documentation.spring.web.caching.CachingAspect   - Caching aspect applied for cache models with key com.company.project.core.Result(true)
2018-09-07 at 16:19:03 CST [main] INFO  springfox.documentation.schema.property.ModelPropertiesKeyGenerator   - Cache key generated: com.company.project.core.Result(true)
2018-09-07 at 16:19:03 CST [main] INFO  springfox.documentation.spring.web.caching.CachingAspect   - Caching aspect applied for cache modelProperties with key com.company.project.core.Result(true)
2018-09-07 at 16:19:03 CST [main] INFO  springfox.documentation.schema.ModelContextKeyGenerator   - Cache Key Generated: com.company.project.core.Result(true)
2018-09-07 at 16:19:03 CST [main] INFO  springfox.documentation.spring.web.caching.CachingAspect   - Caching aspect applied for cache modelDependencies with key com.company.project.core.Result(true)
2018-09-07 at 16:19:03 CST [main] INFO  springfox.documentation.schema.property.ModelPropertiesKeyGenerator   - Cache key generated: com.company.project.core.Result(true)
2018-09-07 at 16:19:03 CST [main] INFO  springfox.documentation.spring.web.caching.CachingAspect   - Caching aspect applied for cache modelProperties with key com.company.project.core.Result(true)
2018-09-07 at 16:19:03 CST [main] INFO  springfox.documentation.spring.web.OperationsKeyGenerator   - Cache key generated: /client/add.com.company.project.web.ClientController.add.DefaultGenericTypeNamingStrategy
2018-09-07 at 16:19:03 CST [main] INFO  springfox.documentation.spring.web.caching.CachingAspect   - Caching aspect applied for cache operations with key /client/add.com.company.project.web.ClientController.add.DefaultGenericTypeNamingStrategy
2018-09-07 at 16:19:03 CST [main] INFO  springfox.documentation.swagger.web.ClassOrApiAnnotationResourceGrouping   - Group for method add was client-controller
2018-09-07 at 16:19:03 CST [main] INFO  springfox.documentation.swagger.web.ClassOrApiAnnotationResourceGrouping   - Group for method add was client-controller
2018-09-07 at 16:19:03 CST [main] INFO  springfox.documentation.schema.ModelContextKeyGenerator   - Cache Key Generated: com.company.project.core.Result(true)
2018-09-07 at 16:19:03 CST [main] INFO  springfox.documentation.spring.web.caching.CachingAspect   - Caching aspect applied for cache models with key com.company.project.core.Result(true)
2018-09-07 at 16:19:03 CST [main] INFO  springfox.documentation.schema.ModelContextKeyGenerator   - Cache Key Generated: com.company.project.core.Result(true)
2018-09-07 at 16:19:03 CST [main] INFO  springfox.documentation.spring.web.caching.CachingAspect   - Caching aspect applied for cache modelDependencies with key com.company.project.core.Result(true)
2018-09-07 at 16:19:03 CST [main] INFO  springfox.documentation.spring.web.OperationsKeyGenerator   - Cache key generated: /client/addRedis.com.company.project.web.ClientController.addRedis.DefaultGenericTypeNamingStrategy
2018-09-07 at 16:19:03 CST [main] INFO  springfox.documentation.spring.web.caching.CachingAspect   - Caching aspect applied for cache operations with key /client/addRedis.com.company.project.web.ClientController.addRedis.DefaultGenericTypeNamingStrategy
2018-09-07 at 16:19:03 CST [main] INFO  springfox.documentation.swagger.web.ClassOrApiAnnotationResourceGrouping   - Group for method addRedis was client-controller
2018-09-07 at 16:19:03 CST [main] INFO  springfox.documentation.swagger.web.ClassOrApiAnnotationResourceGrouping   - Group for method addRedis was client-controller
2018-09-07 at 16:19:03 CST [main] INFO  springfox.documentation.schema.ModelContextKeyGenerator   - Cache Key Generated: com.company.project.core.Result(true)
2018-09-07 at 16:19:03 CST [main] INFO  springfox.documentation.spring.web.caching.CachingAspect   - Caching aspect applied for cache models with key com.company.project.core.Result(true)
2018-09-07 at 16:19:03 CST [main] INFO  springfox.documentation.schema.ModelContextKeyGenerator   - Cache Key Generated: com.company.project.core.Result(true)
2018-09-07 at 16:19:03 CST [main] INFO  springfox.documentation.spring.web.caching.CachingAspect   - Caching aspect applied for cache modelDependencies with key com.company.project.core.Result(true)
2018-09-07 at 16:19:03 CST [main] INFO  springfox.documentation.spring.web.OperationsKeyGenerator   - Cache key generated: /client/delete.com.company.project.web.ClientController.delete.DefaultGenericTypeNamingStrategy
2018-09-07 at 16:19:03 CST [main] INFO  springfox.documentation.spring.web.caching.CachingAspect   - Caching aspect applied for cache operations with key /client/delete.com.company.project.web.ClientController.delete.DefaultGenericTypeNamingStrategy
2018-09-07 at 16:19:03 CST [main] INFO  springfox.documentation.swagger.web.ClassOrApiAnnotationResourceGrouping   - Group for method delete was client-controller
2018-09-07 at 16:19:03 CST [main] INFO  springfox.documentation.swagger.web.ClassOrApiAnnotationResourceGrouping   - Group for method delete was client-controller
2018-09-07 at 16:19:03 CST [main] INFO  springfox.documentation.schema.ModelContextKeyGenerator   - Cache Key Generated: com.company.project.core.Result(true)
2018-09-07 at 16:19:03 CST [main] INFO  springfox.documentation.spring.web.caching.CachingAspect   - Caching aspect applied for cache models with key com.company.project.core.Result(true)
2018-09-07 at 16:19:03 CST [main] INFO  springfox.documentation.schema.ModelContextKeyGenerator   - Cache Key Generated: com.company.project.core.Result(true)
2018-09-07 at 16:19:03 CST [main] INFO  springfox.documentation.spring.web.caching.CachingAspect   - Caching aspect applied for cache modelDependencies with key com.company.project.core.Result(true)
2018-09-07 at 16:19:03 CST [main] INFO  springfox.documentation.spring.web.OperationsKeyGenerator   - Cache key generated: /client/detail.com.company.project.web.ClientController.detail.DefaultGenericTypeNamingStrategy
2018-09-07 at 16:19:03 CST [main] INFO  springfox.documentation.spring.web.caching.CachingAspect   - Caching aspect applied for cache operations with key /client/detail.com.company.project.web.ClientController.detail.DefaultGenericTypeNamingStrategy
2018-09-07 at 16:19:03 CST [main] INFO  springfox.documentation.swagger.web.ClassOrApiAnnotationResourceGrouping   - Group for method detail was client-controller
2018-09-07 at 16:19:03 CST [main] INFO  springfox.documentation.swagger.web.ClassOrApiAnnotationResourceGrouping   - Group for method detail was client-controller
2018-09-07 at 16:19:03 CST [main] INFO  springfox.documentation.schema.ModelContextKeyGenerator   - Cache Key Generated: com.company.project.core.Result(true)
2018-09-07 at 16:19:03 CST [main] INFO  springfox.documentation.spring.web.caching.CachingAspect   - Caching aspect applied for cache models with key com.company.project.core.Result(true)
2018-09-07 at 16:19:03 CST [main] INFO  springfox.documentation.schema.ModelContextKeyGenerator   - Cache Key Generated: com.company.project.core.Result(true)
2018-09-07 at 16:19:03 CST [main] INFO  springfox.documentation.spring.web.caching.CachingAspect   - Caching aspect applied for cache modelDependencies with key com.company.project.core.Result(true)
2018-09-07 at 16:19:03 CST [main] INFO  springfox.documentation.spring.web.OperationsKeyGenerator   - Cache key generated: /client/getRedis.com.company.project.web.ClientController.getRedis.DefaultGenericTypeNamingStrategy
2018-09-07 at 16:19:03 CST [main] INFO  springfox.documentation.spring.web.caching.CachingAspect   - Caching aspect applied for cache operations with key /client/getRedis.com.company.project.web.ClientController.getRedis.DefaultGenericTypeNamingStrategy
2018-09-07 at 16:19:03 CST [main] INFO  springfox.documentation.swagger.web.ClassOrApiAnnotationResourceGrouping   - Group for method getRedis was client-controller
2018-09-07 at 16:19:03 CST [main] INFO  springfox.documentation.swagger.web.ClassOrApiAnnotationResourceGrouping   - Group for method getRedis was client-controller
2018-09-07 at 16:19:03 CST [main] INFO  springfox.documentation.schema.ModelContextKeyGenerator   - Cache Key Generated: com.company.project.core.Result(true)
2018-09-07 at 16:19:03 CST [main] INFO  springfox.documentation.spring.web.caching.CachingAspect   - Caching aspect applied for cache models with key com.company.project.core.Result(true)
2018-09-07 at 16:19:03 CST [main] INFO  springfox.documentation.schema.ModelContextKeyGenerator   - Cache Key Generated: com.company.project.core.Result(true)
2018-09-07 at 16:19:03 CST [main] INFO  springfox.documentation.spring.web.caching.CachingAspect   - Caching aspect applied for cache modelDependencies with key com.company.project.core.Result(true)
2018-09-07 at 16:19:03 CST [main] INFO  springfox.documentation.spring.web.OperationsKeyGenerator   - Cache key generated: /client/list.com.company.project.web.ClientController.list.DefaultGenericTypeNamingStrategy
2018-09-07 at 16:19:03 CST [main] INFO  springfox.documentation.spring.web.caching.CachingAspect   - Caching aspect applied for cache operations with key /client/list.com.company.project.web.ClientController.list.DefaultGenericTypeNamingStrategy
2018-09-07 at 16:19:03 CST [main] INFO  springfox.documentation.swagger.web.ClassOrApiAnnotationResourceGrouping   - Group for method list was client-controller
2018-09-07 at 16:19:03 CST [main] INFO  springfox.documentation.swagger.web.ClassOrApiAnnotationResourceGrouping   - Group for method list was client-controller
2018-09-07 at 16:19:03 CST [main] INFO  springfox.documentation.schema.ModelContextKeyGenerator   - Cache Key Generated: com.company.project.core.Result(true)
2018-09-07 at 16:19:03 CST [main] INFO  springfox.documentation.spring.web.caching.CachingAspect   - Caching aspect applied for cache models with key com.company.project.core.Result(true)
2018-09-07 at 16:19:03 CST [main] INFO  springfox.documentation.schema.ModelContextKeyGenerator   - Cache Key Generated: com.company.project.core.Result(true)
2018-09-07 at 16:19:03 CST [main] INFO  springfox.documentation.spring.web.caching.CachingAspect   - Caching aspect applied for cache modelDependencies with key com.company.project.core.Result(true)
2018-09-07 at 16:19:03 CST [main] INFO  springfox.documentation.spring.web.OperationsKeyGenerator   - Cache key generated: /client/update.com.company.project.web.ClientController.update.DefaultGenericTypeNamingStrategy
2018-09-07 at 16:19:03 CST [main] INFO  springfox.documentation.spring.web.caching.CachingAspect   - Caching aspect applied for cache operations with key /client/update.com.company.project.web.ClientController.update.DefaultGenericTypeNamingStrategy
2018-09-07 at 16:19:03 CST [main] INFO  springfox.documentation.swagger.web.ClassOrApiAnnotationResourceGrouping   - Group for method update was client-controller
2018-09-07 at 16:19:03 CST [main] INFO  springfox.documentation.swagger.web.ClassOrApiAnnotationResourceGrouping   - Group for method update was client-controller
2018-09-07 at 16:19:03 CST [main] INFO  springfox.documentation.schema.ModelContextKeyGenerator   - Cache Key Generated: java.lang.String(true)
2018-09-07 at 16:19:03 CST [main] INFO  springfox.documentation.spring.web.caching.CachingAspect   - Caching aspect applied for cache models with key java.lang.String(true)
2018-09-07 at 16:19:03 CST [main] INFO  springfox.documentation.schema.ModelContextKeyGenerator   - Cache Key Generated: java.lang.String(true)
2018-09-07 at 16:19:03 CST [main] INFO  springfox.documentation.spring.web.caching.CachingAspect   - Caching aspect applied for cache modelDependencies with key java.lang.String(true)
2018-09-07 at 16:19:03 CST [main] INFO  springfox.documentation.spring.web.OperationsKeyGenerator   - Cache key generated: /hello.com.company.project.web.security.HelloController.hello.DefaultGenericTypeNamingStrategy
2018-09-07 at 16:19:03 CST [main] INFO  springfox.documentation.spring.web.caching.CachingAspect   - Caching aspect applied for cache operations with key /hello.com.company.project.web.security.HelloController.hello.DefaultGenericTypeNamingStrategy
2018-09-07 at 16:19:03 CST [main] INFO  springfox.documentation.swagger.web.ClassOrApiAnnotationResourceGrouping   - Group for method hello was hello-controller
2018-09-07 at 16:19:03 CST [main] INFO  springfox.documentation.swagger.web.ClassOrApiAnnotationResourceGrouping   - Group for method hello was hello-controller
2018-09-07 at 16:19:03 CST [main] INFO  springfox.documentation.swagger.web.ClassOrApiAnnotationResourceGrouping   - Group for method hello was hello-controller
2018-09-07 at 16:19:03 CST [main] INFO  springfox.documentation.swagger.web.ClassOrApiAnnotationResourceGrouping   - Group for method hello was hello-controller
2018-09-07 at 16:19:03 CST [main] INFO  springfox.documentation.swagger.web.ClassOrApiAnnotationResourceGrouping   - Group for method hello was hello-controller
2018-09-07 at 16:19:03 CST [main] INFO  springfox.documentation.swagger.web.ClassOrApiAnnotationResourceGrouping   - Group for method hello was hello-controller
2018-09-07 at 16:19:03 CST [main] INFO  springfox.documentation.swagger.web.ClassOrApiAnnotationResourceGrouping   - Group for method hello was hello-controller
2018-09-07 at 16:19:03 CST [main] INFO  springfox.documentation.swagger.web.ClassOrApiAnnotationResourceGrouping   - Group for method hello was hello-controller
2018-09-07 at 16:19:03 CST [main] INFO  springfox.documentation.swagger.web.ClassOrApiAnnotationResourceGrouping   - Group for method hello was hello-controller
2018-09-07 at 16:19:03 CST [main] INFO  springfox.documentation.swagger.web.ClassOrApiAnnotationResourceGrouping   - Group for method hello was hello-controller
2018-09-07 at 16:19:03 CST [main] INFO  springfox.documentation.swagger.web.ClassOrApiAnnotationResourceGrouping   - Group for method hello was hello-controller
2018-09-07 at 16:19:03 CST [main] INFO  springfox.documentation.swagger.web.ClassOrApiAnnotationResourceGrouping   - Group for method hello was hello-controller
2018-09-07 at 16:19:03 CST [main] INFO  springfox.documentation.swagger.web.ClassOrApiAnnotationResourceGrouping   - Group for method hello was hello-controller
2018-09-07 at 16:19:03 CST [main] INFO  springfox.documentation.swagger.web.ClassOrApiAnnotationResourceGrouping   - Group for method hello was hello-controller
2018-09-07 at 16:19:03 CST [main] INFO  springfox.documentation.swagger.web.ClassOrApiAnnotationResourceGrouping   - Group for method hello was hello-controller
2018-09-07 at 16:19:03 CST [main] INFO  springfox.documentation.swagger.web.ClassOrApiAnnotationResourceGrouping   - Group for method hello was hello-controller
2018-09-07 at 16:19:03 CST [main] INFO  springfox.documentation.schema.ModelContextKeyGenerator   - Cache Key Generated: java.lang.String(true)
2018-09-07 at 16:19:03 CST [main] INFO  springfox.documentation.spring.web.caching.CachingAspect   - Caching aspect applied for cache models with key java.lang.String(true)
2018-09-07 at 16:19:03 CST [main] INFO  springfox.documentation.schema.ModelContextKeyGenerator   - Cache Key Generated: java.lang.String(true)
2018-09-07 at 16:19:03 CST [main] INFO  springfox.documentation.spring.web.caching.CachingAspect   - Caching aspect applied for cache modelDependencies with key java.lang.String(true)
2018-09-07 at 16:19:03 CST [main] INFO  springfox.documentation.spring.web.OperationsKeyGenerator   - Cache key generated: /.com.company.project.web.security.HelloController.index.DefaultGenericTypeNamingStrategy
2018-09-07 at 16:19:03 CST [main] INFO  springfox.documentation.spring.web.caching.CachingAspect   - Caching aspect applied for cache operations with key /.com.company.project.web.security.HelloController.index.DefaultGenericTypeNamingStrategy
2018-09-07 at 16:19:03 CST [main] INFO  springfox.documentation.swagger.web.ClassOrApiAnnotationResourceGrouping   - Group for method index was hello-controller
2018-09-07 at 16:19:03 CST [main] INFO  springfox.documentation.swagger.web.ClassOrApiAnnotationResourceGrouping   - Group for method index was hello-controller
2018-09-07 at 16:19:03 CST [main] INFO  springfox.documentation.swagger.web.ClassOrApiAnnotationResourceGrouping   - Group for method index was hello-controller
2018-09-07 at 16:19:03 CST [main] INFO  springfox.documentation.swagger.web.ClassOrApiAnnotationResourceGrouping   - Group for method index was hello-controller
2018-09-07 at 16:19:03 CST [main] INFO  springfox.documentation.swagger.web.ClassOrApiAnnotationResourceGrouping   - Group for method index was hello-controller
2018-09-07 at 16:19:03 CST [main] INFO  springfox.documentation.swagger.web.ClassOrApiAnnotationResourceGrouping   - Group for method index was hello-controller
2018-09-07 at 16:19:03 CST [main] INFO  springfox.documentation.swagger.web.ClassOrApiAnnotationResourceGrouping   - Group for method index was hello-controller
2018-09-07 at 16:19:03 CST [main] INFO  springfox.documentation.swagger.web.ClassOrApiAnnotationResourceGrouping   - Group for method index was hello-controller
2018-09-07 at 16:19:03 CST [main] INFO  springfox.documentation.swagger.web.ClassOrApiAnnotationResourceGrouping   - Group for method index was hello-controller
2018-09-07 at 16:19:03 CST [main] INFO  springfox.documentation.swagger.web.ClassOrApiAnnotationResourceGrouping   - Group for method index was hello-controller
2018-09-07 at 16:19:03 CST [main] INFO  springfox.documentation.swagger.web.ClassOrApiAnnotationResourceGrouping   - Group for method index was hello-controller
2018-09-07 at 16:19:03 CST [main] INFO  springfox.documentation.swagger.web.ClassOrApiAnnotationResourceGrouping   - Group for method index was hello-controller
2018-09-07 at 16:19:03 CST [main] INFO  springfox.documentation.swagger.web.ClassOrApiAnnotationResourceGrouping   - Group for method index was hello-controller
2018-09-07 at 16:19:03 CST [main] INFO  springfox.documentation.swagger.web.ClassOrApiAnnotationResourceGrouping   - Group for method index was hello-controller
2018-09-07 at 16:19:03 CST [main] INFO  springfox.documentation.swagger.web.ClassOrApiAnnotationResourceGrouping   - Group for method index was hello-controller
2018-09-07 at 16:19:03 CST [main] INFO  springfox.documentation.swagger.web.ClassOrApiAnnotationResourceGrouping   - Group for method index was hello-controller
2018-09-07 at 16:19:03 CST [main] INFO  springfox.documentation.schema.ModelContextKeyGenerator   - Cache Key Generated: java.lang.String(true)
2018-09-07 at 16:19:03 CST [main] INFO  springfox.documentation.spring.web.caching.CachingAspect   - Caching aspect applied for cache models with key java.lang.String(true)
2018-09-07 at 16:19:03 CST [main] INFO  springfox.documentation.schema.ModelContextKeyGenerator   - Cache Key Generated: java.lang.String(true)
2018-09-07 at 16:19:03 CST [main] INFO  springfox.documentation.spring.web.caching.CachingAspect   - Caching aspect applied for cache modelDependencies with key java.lang.String(true)
2018-09-07 at 16:19:03 CST [main] INFO  springfox.documentation.spring.web.OperationsKeyGenerator   - Cache key generated: /login.com.company.project.web.security.HelloController.login.DefaultGenericTypeNamingStrategy
2018-09-07 at 16:19:03 CST [main] INFO  springfox.documentation.spring.web.caching.CachingAspect   - Caching aspect applied for cache operations with key /login.com.company.project.web.security.HelloController.login.DefaultGenericTypeNamingStrategy
2018-09-07 at 16:19:03 CST [main] INFO  springfox.documentation.swagger.web.ClassOrApiAnnotationResourceGrouping   - Group for method login was hello-controller
2018-09-07 at 16:19:03 CST [main] INFO  springfox.documentation.swagger.web.ClassOrApiAnnotationResourceGrouping   - Group for method login was hello-controller
2018-09-07 at 16:19:03 CST [main] INFO  springfox.documentation.swagger.web.ClassOrApiAnnotationResourceGrouping   - Group for method login was hello-controller
2018-09-07 at 16:19:03 CST [main] INFO  springfox.documentation.swagger.web.ClassOrApiAnnotationResourceGrouping   - Group for method login was hello-controller
2018-09-07 at 16:19:03 CST [main] INFO  springfox.documentation.swagger.web.ClassOrApiAnnotationResourceGrouping   - Group for method login was hello-controller
2018-09-07 at 16:19:03 CST [main] INFO  springfox.documentation.swagger.web.ClassOrApiAnnotationResourceGrouping   - Group for method login was hello-controller
2018-09-07 at 16:19:03 CST [main] INFO  springfox.documentation.swagger.web.ClassOrApiAnnotationResourceGrouping   - Group for method login was hello-controller
2018-09-07 at 16:19:03 CST [main] INFO  springfox.documentation.swagger.web.ClassOrApiAnnotationResourceGrouping   - Group for method login was hello-controller
2018-09-07 at 16:19:03 CST [main] INFO  springfox.documentation.swagger.web.ClassOrApiAnnotationResourceGrouping   - Group for method login was hello-controller
2018-09-07 at 16:19:03 CST [main] INFO  springfox.documentation.swagger.web.ClassOrApiAnnotationResourceGrouping   - Group for method login was hello-controller
2018-09-07 at 16:19:03 CST [main] INFO  springfox.documentation.swagger.web.ClassOrApiAnnotationResourceGrouping   - Group for method login was hello-controller
2018-09-07 at 16:19:03 CST [main] INFO  springfox.documentation.swagger.web.ClassOrApiAnnotationResourceGrouping   - Group for method login was hello-controller
2018-09-07 at 16:19:03 CST [main] INFO  springfox.documentation.swagger.web.ClassOrApiAnnotationResourceGrouping   - Group for method login was hello-controller
2018-09-07 at 16:19:03 CST [main] INFO  springfox.documentation.swagger.web.ClassOrApiAnnotationResourceGrouping   - Group for method login was hello-controller
2018-09-07 at 16:19:03 CST [main] INFO  springfox.documentation.swagger.web.ClassOrApiAnnotationResourceGrouping   - Group for method login was hello-controller
2018-09-07 at 16:19:03 CST [main] INFO  springfox.documentation.swagger.web.ClassOrApiAnnotationResourceGrouping   - Group for method login was hello-controller
2018-09-07 at 16:19:03 CST [main] INFO  springfox.documentation.schema.ModelContextKeyGenerator   - Cache Key Generated: com.company.project.core.Result(true)
2018-09-07 at 16:19:03 CST [main] INFO  springfox.documentation.spring.web.caching.CachingAspect   - Caching aspect applied for cache models with key com.company.project.core.Result(true)
2018-09-07 at 16:19:03 CST [main] INFO  springfox.documentation.schema.ModelContextKeyGenerator   - Cache Key Generated: com.company.project.core.Result(true)
2018-09-07 at 16:19:03 CST [main] INFO  springfox.documentation.spring.web.caching.CachingAspect   - Caching aspect applied for cache modelDependencies with key com.company.project.core.Result(true)
2018-09-07 at 16:19:03 CST [main] INFO  springfox.documentation.spring.web.OperationsKeyGenerator   - Cache key generated: /order/add.com.company.project.web.OrderController.add.DefaultGenericTypeNamingStrategy
2018-09-07 at 16:19:03 CST [main] INFO  springfox.documentation.spring.web.caching.CachingAspect   - Caching aspect applied for cache operations with key /order/add.com.company.project.web.OrderController.add.DefaultGenericTypeNamingStrategy
2018-09-07 at 16:19:03 CST [main] INFO  springfox.documentation.swagger.web.ClassOrApiAnnotationResourceGrouping   - Group for method add was order-controller
2018-09-07 at 16:19:03 CST [main] INFO  springfox.documentation.swagger.web.ClassOrApiAnnotationResourceGrouping   - Group for method add was order-controller
2018-09-07 at 16:19:03 CST [main] INFO  springfox.documentation.spring.web.readers.operation.CachingOperationNameGenerator   - Generating unique operation named: addUsingPOST_1
2018-09-07 at 16:19:03 CST [main] INFO  springfox.documentation.schema.ModelContextKeyGenerator   - Cache Key Generated: com.company.project.core.Result(true)
2018-09-07 at 16:19:03 CST [main] INFO  springfox.documentation.spring.web.caching.CachingAspect   - Caching aspect applied for cache models with key com.company.project.core.Result(true)
2018-09-07 at 16:19:03 CST [main] INFO  springfox.documentation.schema.ModelContextKeyGenerator   - Cache Key Generated: com.company.project.core.Result(true)
2018-09-07 at 16:19:03 CST [main] INFO  springfox.documentation.spring.web.caching.CachingAspect   - Caching aspect applied for cache modelDependencies with key com.company.project.core.Result(true)
2018-09-07 at 16:19:03 CST [main] INFO  springfox.documentation.spring.web.OperationsKeyGenerator   - Cache key generated: /order/delete.com.company.project.web.OrderController.delete.DefaultGenericTypeNamingStrategy
2018-09-07 at 16:19:03 CST [main] INFO  springfox.documentation.spring.web.caching.CachingAspect   - Caching aspect applied for cache operations with key /order/delete.com.company.project.web.OrderController.delete.DefaultGenericTypeNamingStrategy
2018-09-07 at 16:19:03 CST [main] INFO  springfox.documentation.swagger.web.ClassOrApiAnnotationResourceGrouping   - Group for method delete was order-controller
2018-09-07 at 16:19:03 CST [main] INFO  springfox.documentation.swagger.web.ClassOrApiAnnotationResourceGrouping   - Group for method delete was order-controller
2018-09-07 at 16:19:03 CST [main] INFO  springfox.documentation.spring.web.readers.operation.CachingOperationNameGenerator   - Generating unique operation named: deleteUsingPOST_1
2018-09-07 at 16:19:03 CST [main] INFO  springfox.documentation.schema.ModelContextKeyGenerator   - Cache Key Generated: com.company.project.core.Result(true)
2018-09-07 at 16:19:03 CST [main] INFO  springfox.documentation.spring.web.caching.CachingAspect   - Caching aspect applied for cache models with key com.company.project.core.Result(true)
2018-09-07 at 16:19:03 CST [main] INFO  springfox.documentation.schema.ModelContextKeyGenerator   - Cache Key Generated: com.company.project.core.Result(true)
2018-09-07 at 16:19:03 CST [main] INFO  springfox.documentation.spring.web.caching.CachingAspect   - Caching aspect applied for cache modelDependencies with key com.company.project.core.Result(true)
2018-09-07 at 16:19:03 CST [main] INFO  springfox.documentation.spring.web.OperationsKeyGenerator   - Cache key generated: /order/detail.com.company.project.web.OrderController.detail.DefaultGenericTypeNamingStrategy
2018-09-07 at 16:19:03 CST [main] INFO  springfox.documentation.spring.web.caching.CachingAspect   - Caching aspect applied for cache operations with key /order/detail.com.company.project.web.OrderController.detail.DefaultGenericTypeNamingStrategy
2018-09-07 at 16:19:03 CST [main] INFO  springfox.documentation.swagger.web.ClassOrApiAnnotationResourceGrouping   - Group for method detail was order-controller
2018-09-07 at 16:19:03 CST [main] INFO  springfox.documentation.swagger.web.ClassOrApiAnnotationResourceGrouping   - Group for method detail was order-controller
2018-09-07 at 16:19:03 CST [main] INFO  springfox.documentation.spring.web.readers.operation.CachingOperationNameGenerator   - Generating unique operation named: detailUsingPOST_1
2018-09-07 at 16:19:03 CST [main] INFO  springfox.documentation.schema.ModelContextKeyGenerator   - Cache Key Generated: com.company.project.core.Result(true)
2018-09-07 at 16:19:03 CST [main] INFO  springfox.documentation.spring.web.caching.CachingAspect   - Caching aspect applied for cache models with key com.company.project.core.Result(true)
2018-09-07 at 16:19:03 CST [main] INFO  springfox.documentation.schema.ModelContextKeyGenerator   - Cache Key Generated: com.company.project.core.Result(true)
2018-09-07 at 16:19:03 CST [main] INFO  springfox.documentation.spring.web.caching.CachingAspect   - Caching aspect applied for cache modelDependencies with key com.company.project.core.Result(true)
2018-09-07 at 16:19:03 CST [main] INFO  springfox.documentation.spring.web.OperationsKeyGenerator   - Cache key generated: /order/list.com.company.project.web.OrderController.list.DefaultGenericTypeNamingStrategy
2018-09-07 at 16:19:03 CST [main] INFO  springfox.documentation.spring.web.caching.CachingAspect   - Caching aspect applied for cache operations with key /order/list.com.company.project.web.OrderController.list.DefaultGenericTypeNamingStrategy
2018-09-07 at 16:19:03 CST [main] INFO  springfox.documentation.swagger.web.ClassOrApiAnnotationResourceGrouping   - Group for method list was order-controller
2018-09-07 at 16:19:03 CST [main] INFO  springfox.documentation.swagger.web.ClassOrApiAnnotationResourceGrouping   - Group for method list was order-controller
2018-09-07 at 16:19:03 CST [main] INFO  springfox.documentation.spring.web.readers.operation.CachingOperationNameGenerator   - Generating unique operation named: listUsingPOST_1
2018-09-07 at 16:19:03 CST [main] INFO  springfox.documentation.schema.ModelContextKeyGenerator   - Cache Key Generated: com.company.project.core.Result(true)
2018-09-07 at 16:19:03 CST [main] INFO  springfox.documentation.spring.web.caching.CachingAspect   - Caching aspect applied for cache models with key com.company.project.core.Result(true)
2018-09-07 at 16:19:03 CST [main] INFO  springfox.documentation.schema.ModelContextKeyGenerator   - Cache Key Generated: com.company.project.core.Result(true)
2018-09-07 at 16:19:03 CST [main] INFO  springfox.documentation.spring.web.caching.CachingAspect   - Caching aspect applied for cache modelDependencies with key com.company.project.core.Result(true)
2018-09-07 at 16:19:03 CST [main] INFO  springfox.documentation.spring.web.OperationsKeyGenerator   - Cache key generated: /order/update.com.company.project.web.OrderController.update.DefaultGenericTypeNamingStrategy
2018-09-07 at 16:19:03 CST [main] INFO  springfox.documentation.spring.web.caching.CachingAspect   - Caching aspect applied for cache operations with key /order/update.com.company.project.web.OrderController.update.DefaultGenericTypeNamingStrategy
2018-09-07 at 16:19:03 CST [main] INFO  springfox.documentation.swagger.web.ClassOrApiAnnotationResourceGrouping   - Group for method update was order-controller
2018-09-07 at 16:19:03 CST [main] INFO  springfox.documentation.swagger.web.ClassOrApiAnnotationResourceGrouping   - Group for method update was order-controller
2018-09-07 at 16:19:03 CST [main] INFO  springfox.documentation.spring.web.readers.operation.CachingOperationNameGenerator   - Generating unique operation named: updateUsingPOST_1
2018-09-07 at 16:19:03 CST [main] INFO  org.apache.coyote.http11.Http11NioProtocol   - Initializing ProtocolHandler ["http-nio-9988"]
2018-09-07 at 16:19:03 CST [main] INFO  org.apache.coyote.http11.Http11NioProtocol   - Starting ProtocolHandler ["http-nio-9988"]
2018-09-07 at 16:19:03 CST [main] INFO  org.apache.tomcat.util.net.NioSelectorPool   - Using a shared selector for servlet write/read
2018-09-07 at 16:19:03 CST [main] INFO  org.springframework.boot.context.embedded.tomcat.TomcatEmbeddedServletContainer   - Tomcat started on port(s): 9988 (http)
2018-09-07 at 16:19:03 CST [main] INFO  com.company.project.Application   - Started Application in 9.76 seconds (JVM running for 11.151)
2018-09-07 at 16:19:28 CST [http-nio-9988-exec-1] INFO  org.apache.catalina.core.ContainerBase.[Tomcat].[localhost].[/]   - Initializing Spring FrameworkServlet 'dispatcherServlet'
2018-09-07 at 16:19:28 CST [http-nio-9988-exec-1] INFO  org.springframework.web.servlet.DispatcherServlet   - FrameworkServlet 'dispatcherServlet': initialization started
2018-09-07 at 16:19:28 CST [http-nio-9988-exec-1] INFO  org.springframework.web.servlet.DispatcherServlet   - FrameworkServlet 'dispatcherServlet': initialization completed in 23 ms
2018-09-07 at 16:19:32 CST [http-nio-9988-exec-2] INFO  com.alibaba.druid.pool.DruidDataSource   - {dataSource-1} inited
2018-09-07 at 16:20:02 CST [MessageBroker-1] INFO  org.springframework.web.socket.config.WebSocketMessageBrokerStats   - WebSocketSession[0 current WS(0)-HttpStream(0)-HttpPoll(0), 0 total, 0 closed abnormally (0 connect failure, 0 send limit, 0 transport error)], stompSubProtocol[processed CONNECT(0)-CONNECTED(0)-DISCONNECT(0)], stompBrokerRelay[null], inboundChannel[pool size = 0, active threads = 0, queued tasks = 0, completed tasks = 0], outboundChannelpool size = 0, active threads = 0, queued tasks = 0, completed tasks = 0], sockJsScheduler[pool size = 1, active threads = 1, queued tasks = 0, completed tasks = 0]
2018-09-07 at 16:50:02 CST [MessageBroker-1] INFO  org.springframework.web.socket.config.WebSocketMessageBrokerStats   - WebSocketSession[0 current WS(0)-HttpStream(0)-HttpPoll(0), 0 total, 0 closed abnormally (0 connect failure, 0 send limit, 0 transport error)], stompSubProtocol[processed CONNECT(0)-CONNECTED(0)-DISCONNECT(0)], stompBrokerRelay[null], inboundChannel[pool size = 0, active threads = 0, queued tasks = 0, completed tasks = 0], outboundChannelpool size = 0, active threads = 0, queued tasks = 0, completed tasks = 0], sockJsScheduler[pool size = 2, active threads = 1, queued tasks = 0, completed tasks = 1]
2018-09-07 at 17:20:02 CST [MessageBroker-2] INFO  org.springframework.web.socket.config.WebSocketMessageBrokerStats   - WebSocketSession[0 current WS(0)-HttpStream(0)-HttpPoll(0), 0 total, 0 closed abnormally (0 connect failure, 0 send limit, 0 transport error)], stompSubProtocol[processed CONNECT(0)-CONNECTED(0)-DISCONNECT(0)], stompBrokerRelay[null], inboundChannel[pool size = 0, active threads = 0, queued tasks = 0, completed tasks = 0], outboundChannelpool size = 0, active threads = 0, queued tasks = 0, completed tasks = 0], sockJsScheduler[pool size = 3, active threads = 1, queued tasks = 0, completed tasks = 2]
2018-09-08 at 08:41:54 CST [MessageBroker-1] INFO  org.springframework.web.socket.config.WebSocketMessageBrokerStats   - WebSocketSession[0 current WS(0)-HttpStream(0)-HttpPoll(0), 0 total, 0 closed abnormally (0 connect failure, 0 send limit, 0 transport error)], stompSubProtocol[processed CONNECT(0)-CONNECTED(0)-DISCONNECT(0)], stompBrokerRelay[null], inboundChannel[pool size = 0, active threads = 0, queued tasks = 0, completed tasks = 0], outboundChannelpool size = 0, active threads = 0, queued tasks = 0, completed tasks = 0], sockJsScheduler[pool size = 4, active threads = 1, queued tasks = 0, completed tasks = 3]
2018-09-08 at 09:11:54 CST [MessageBroker-3] INFO  org.springframework.web.socket.config.WebSocketMessageBrokerStats   - WebSocketSession[0 current WS(0)-HttpStream(0)-HttpPoll(0), 0 total, 0 closed abnormally (0 connect failure, 0 send limit, 0 transport error)], stompSubProtocol[processed CONNECT(0)-CONNECTED(0)-DISCONNECT(0)], stompBrokerRelay[null], inboundChannel[pool size = 0, active threads = 0, queued tasks = 0, completed tasks = 0], outboundChannelpool size = 0, active threads = 0, queued tasks = 0, completed tasks = 0], sockJsScheduler[pool size = 5, active threads = 1, queued tasks = 0, completed tasks = 4]
2018-09-08 at 09:41:54 CST [MessageBroker-2] INFO  org.springframework.web.socket.config.WebSocketMessageBrokerStats   - WebSocketSession[0 current WS(0)-HttpStream(0)-HttpPoll(0), 0 total, 0 closed abnormally (0 connect failure, 0 send limit, 0 transport error)], stompSubProtocol[processed CONNECT(0)-CONNECTED(0)-DISCONNECT(0)], stompBrokerRelay[null], inboundChannel[pool size = 0, active threads = 0, queued tasks = 0, completed tasks = 0], outboundChannelpool size = 0, active threads = 0, queued tasks = 0, completed tasks = 0], sockJsScheduler[pool size = 6, active threads = 1, queued tasks = 0, completed tasks = 5]
2018-09-08 at 10:11:54 CST [MessageBroker-4] INFO  org.springframework.web.socket.config.WebSocketMessageBrokerStats   - WebSocketSession[0 current WS(0)-HttpStream(0)-HttpPoll(0), 0 total, 0 closed abnormally (0 connect failure, 0 send limit, 0 transport error)], stompSubProtocol[processed CONNECT(0)-CONNECTED(0)-DISCONNECT(0)], stompBrokerRelay[null], inboundChannel[pool size = 0, active threads = 0, queued tasks = 0, completed tasks = 0], outboundChannelpool size = 0, active threads = 0, queued tasks = 0, completed tasks = 0], sockJsScheduler[pool size = 7, active threads = 1, queued tasks = 0, completed tasks = 6]
2018-09-08 at 10:41:54 CST [MessageBroker-1] INFO  org.springframework.web.socket.config.WebSocketMessageBrokerStats   - WebSocketSession[0 current WS(0)-HttpStream(0)-HttpPoll(0), 0 total, 0 closed abnormally (0 connect failure, 0 send limit, 0 transport error)], stompSubProtocol[processed CONNECT(0)-CONNECTED(0)-DISCONNECT(0)], stompBrokerRelay[null], inboundChannel[pool size = 0, active threads = 0, queued tasks = 0, completed tasks = 0], outboundChannelpool size = 0, active threads = 0, queued tasks = 0, completed tasks = 0], sockJsScheduler[pool size = 8, active threads = 1, queued tasks = 0, completed tasks = 7]
2018-09-08 at 11:11:54 CST [MessageBroker-1] INFO  org.springframework.web.socket.config.WebSocketMessageBrokerStats   - WebSocketSession[0 current WS(0)-HttpStream(0)-HttpPoll(0), 0 total, 0 closed abnormally (0 connect failure, 0 send limit, 0 transport error)], stompSubProtocol[processed CONNECT(0)-CONNECTED(0)-DISCONNECT(0)], stompBrokerRelay[null], inboundChannel[pool size = 0, active threads = 0, queued tasks = 0, completed tasks = 0], outboundChannelpool size = 0, active threads = 0, queued tasks = 0, completed tasks = 0], sockJsScheduler[pool size = 8, active threads = 1, queued tasks = 0, completed tasks = 8]
2018-09-08 at 11:41:54 CST [MessageBroker-1] INFO  org.springframework.web.socket.config.WebSocketMessageBrokerStats   - WebSocketSession[0 current WS(0)-HttpStream(0)-HttpPoll(0), 0 total, 0 closed abnormally (0 connect failure, 0 send limit, 0 transport error)], stompSubProtocol[processed CONNECT(0)-CONNECTED(0)-DISCONNECT(0)], stompBrokerRelay[null], inboundChannel[pool size = 0, active threads = 0, queued tasks = 0, completed tasks = 0], outboundChannelpool size = 0, active threads = 0, queued tasks = 0, completed tasks = 0], sockJsScheduler[pool size = 8, active threads = 1, queued tasks = 0, completed tasks = 9]
2018-09-08 at 12:11:54 CST [MessageBroker-1] INFO  org.springframework.web.socket.config.WebSocketMessageBrokerStats   - WebSocketSession[0 current WS(0)-HttpStream(0)-HttpPoll(0), 0 total, 0 closed abnormally (0 connect failure, 0 send limit, 0 transport error)], stompSubProtocol[processed CONNECT(0)-CONNECTED(0)-DISCONNECT(0)], stompBrokerRelay[null], inboundChannel[pool size = 0, active threads = 0, queued tasks = 0, completed tasks = 0], outboundChannelpool size = 0, active threads = 0, queued tasks = 0, completed tasks = 0], sockJsScheduler[pool size = 8, active threads = 1, queued tasks = 0, completed tasks = 10]
2018-09-08 at 13:42:50 CST [MessageBroker-1] INFO  org.springframework.web.socket.config.WebSocketMessageBrokerStats   - WebSocketSession[0 current WS(0)-HttpStream(0)-HttpPoll(0), 0 total, 0 closed abnormally (0 connect failure, 0 send limit, 0 transport error)], stompSubProtocol[processed CONNECT(0)-CONNECTED(0)-DISCONNECT(0)], stompBrokerRelay[null], inboundChannel[pool size = 0, active threads = 0, queued tasks = 0, completed tasks = 0], outboundChannelpool size = 0, active threads = 0, queued tasks = 0, completed tasks = 0], sockJsScheduler[pool size = 8, active threads = 1, queued tasks = 0, completed tasks = 11]
2018-09-08 at 14:12:50 CST [MessageBroker-1] INFO  org.springframework.web.socket.config.WebSocketMessageBrokerStats   - WebSocketSession[0 current WS(0)-HttpStream(0)-HttpPoll(0), 0 total, 0 closed abnormally (0 connect failure, 0 send limit, 0 transport error)], stompSubProtocol[processed CONNECT(0)-CONNECTED(0)-DISCONNECT(0)], stompBrokerRelay[null], inboundChannel[pool size = 0, active threads = 0, queued tasks = 0, completed tasks = 0], outboundChannelpool size = 0, active threads = 0, queued tasks = 0, completed tasks = 0], sockJsScheduler[pool size = 8, active threads = 1, queued tasks = 0, completed tasks = 12]
2018-09-08 at 14:42:50 CST [MessageBroker-1] INFO  org.springframework.web.socket.config.WebSocketMessageBrokerStats   - WebSocketSession[0 current WS(0)-HttpStream(0)-HttpPoll(0), 0 total, 0 closed abnormally (0 connect failure, 0 send limit, 0 transport error)], stompSubProtocol[processed CONNECT(0)-CONNECTED(0)-DISCONNECT(0)], stompBrokerRelay[null], inboundChannel[pool size = 0, active threads = 0, queued tasks = 0, completed tasks = 0], outboundChannelpool size = 0, active threads = 0, queued tasks = 0, completed tasks = 0], sockJsScheduler[pool size = 8, active threads = 1, queued tasks = 0, completed tasks = 13]
2018-09-08 at 15:12:50 CST [MessageBroker-1] INFO  org.springframework.web.socket.config.WebSocketMessageBrokerStats   - WebSocketSession[0 current WS(0)-HttpStream(0)-HttpPoll(0), 0 total, 0 closed abnormally (0 connect failure, 0 send limit, 0 transport error)], stompSubProtocol[processed CONNECT(0)-CONNECTED(0)-DISCONNECT(0)], stompBrokerRelay[null], inboundChannel[pool size = 0, active threads = 0, queued tasks = 0, completed tasks = 0], outboundChannelpool size = 0, active threads = 0, queued tasks = 0, completed tasks = 0], sockJsScheduler[pool size = 8, active threads = 1, queued tasks = 0, completed tasks = 14]
2018-09-08 at 15:42:50 CST [MessageBroker-1] INFO  org.springframework.web.socket.config.WebSocketMessageBrokerStats   - WebSocketSession[0 current WS(0)-HttpStream(0)-HttpPoll(0), 0 total, 0 closed abnormally (0 connect failure, 0 send limit, 0 transport error)], stompSubProtocol[processed CONNECT(0)-CONNECTED(0)-DISCONNECT(0)], stompBrokerRelay[null], inboundChannel[pool size = 0, active threads = 0, queued tasks = 0, completed tasks = 0], outboundChannelpool size = 0, active threads = 0, queued tasks = 0, completed tasks = 0], sockJsScheduler[pool size = 8, active threads = 1, queued tasks = 0, completed tasks = 15]
2018-09-08 at 16:12:50 CST [MessageBroker-1] INFO  org.springframework.web.socket.config.WebSocketMessageBrokerStats   - WebSocketSession[0 current WS(0)-HttpStream(0)-HttpPoll(0), 0 total, 0 closed abnormally (0 connect failure, 0 send limit, 0 transport error)], stompSubProtocol[processed CONNECT(0)-CONNECTED(0)-DISCONNECT(0)], stompBrokerRelay[null], inboundChannel[pool size = 0, active threads = 0, queued tasks = 0, completed tasks = 0], outboundChannelpool size = 0, active threads = 0, queued tasks = 0, completed tasks = 0], sockJsScheduler[pool size = 8, active threads = 1, queued tasks = 0, completed tasks = 16]
2018-09-08 at 16:32:17 CST [Thread-3] INFO  org.springframework.boot.context.embedded.AnnotationConfigEmbeddedWebApplicationContext   - Closing org.springframework.boot.context.embedded.AnnotationConfigEmbeddedWebApplicationContext@5d99c6b5: startup date [Fri Sep 07 16:18:55 CST 2018]; root of context hierarchy
